Determining if the pthread_create exist failed with the following output:
Change Dir: /media/kush/463C436E3C435857/Udacity/SensorFusion_ND/Lesson_1_Lidar/SFND_Lidar_Obstacle_Detection/src/quiz/cluster/build/CMakeFiles/CMakeTmp

Run Build Command:"/usr/bin/make" "cmTC_22cc7/fast"
/usr/bin/make -f CMakeFiles/cmTC_22cc7.dir/build.make CMakeFiles/cmTC_22cc7.dir/build
make[1]: Entering directory '/media/kush/463C436E3C435857/Udacity/SensorFusion_ND/Lesson_1_Lidar/SFND_Lidar_Obstacle_Detection/src/quiz/cluster/build/CMakeFiles/CMakeTmp'
Building C object CMakeFiles/cmTC_22cc7.dir/CheckSymbolExists.c.o
/usr/bin/cc     -o CMakeFiles/cmTC_22cc7.dir/CheckSymbolExists.c.o   -c /media/kush/463C436E3C435857/Udacity/SensorFusion_ND/Lesson_1_Lidar/SFND_Lidar_Obstacle_Detection/src/quiz/cluster/build/CMakeFiles/CMakeTmp/CheckSymbolExists.c
Linking C executable cmTC_22cc7
/usr/bin/cmake -E cmake_link_script CMakeFiles/cmTC_22cc7.dir/link.txt --verbose=1
/usr/bin/cc       CMakeFiles/cmTC_22cc7.dir/CheckSymbolExists.c.o  -o cmTC_22cc7 -rdynamic 
CMakeFiles/cmTC_22cc7.dir/CheckSymbolExists.c.o: In function `main':
CheckSymbolExists.c:(.text+0x16): undefined reference to `pthread_create'
collect2: error: ld returned 1 exit status
CMakeFiles/cmTC_22cc7.dir/build.make:97: recipe for target 'cmTC_22cc7' failed
make[1]: *** [cmTC_22cc7] Error 1
make[1]: Leaving directory '/media/kush/463C436E3C435857/Udacity/SensorFusion_ND/Lesson_1_Lidar/SFND_Lidar_Obstacle_Detection/src/quiz/cluster/build/CMakeFiles/CMakeTmp'
Makefile:126: recipe for target 'cmTC_22cc7/fast' failed
make: *** [cmTC_22cc7/fast] Error 2

File /media/kush/463C436E3C435857/Udacity/SensorFusion_ND/Lesson_1_Lidar/SFND_Lidar_Obstacle_Detection/src/quiz/cluster/build/CMakeFiles/CMakeTmp/CheckSymbolExists.c:
/* */
#include <pthread.h>

int main(int argc, char** argv)
{
  (void)argv;
#ifndef pthread_create
  return ((int*)(&pthread_create))[argc];
#else
  (void)argc;
  return 0;
#endif
}

Determining if the function pthread_create exists in the pthreads failed with the following output:
Change Dir: /media/kush/463C436E3C435857/Udacity/SensorFusion_ND/Lesson_1_Lidar/SFND_Lidar_Obstacle_Detection/src/quiz/cluster/build/CMakeFiles/CMakeTmp

Run Build Command:"/usr/bin/make" "cmTC_89694/fast"
/usr/bin/make -f CMakeFiles/cmTC_89694.dir/build.make CMakeFiles/cmTC_89694.dir/build
make[1]: Entering directory '/media/kush/463C436E3C435857/Udacity/SensorFusion_ND/Lesson_1_Lidar/SFND_Lidar_Obstacle_Detection/src/quiz/cluster/build/CMakeFiles/CMakeTmp'
Building C object CMakeFiles/cmTC_89694.dir/CheckFunctionExists.c.o
/usr/bin/cc    -DCHECK_FUNCTION_EXISTS=pthread_create   -o CMakeFiles/cmTC_89694.dir/CheckFunctionExists.c.o   -c /usr/share/cmake-3.5/Modules/CheckFunctionExists.c
Linking C executable cmTC_89694
/usr/bin/cmake -E cmake_link_script CMakeFiles/cmTC_89694.dir/link.txt --verbose=1
/usr/bin/cc   -DCHECK_FUNCTION_EXISTS=pthread_create    CMakeFiles/cmTC_89694.dir/CheckFunctionExists.c.o  -o cmTC_89694 -rdynamic -lpthreads 
/usr/bin/ld: cannot find -lpthreads
collect2: error: ld returned 1 exit status
CMakeFiles/cmTC_89694.dir/build.make:97: recipe for target 'cmTC_89694' failed
make[1]: *** [cmTC_89694] Error 1
make[1]: Leaving directory '/media/kush/463C436E3C435857/Udacity/SensorFusion_ND/Lesson_1_Lidar/SFND_Lidar_Obstacle_Detection/src/quiz/cluster/build/CMakeFiles/CMakeTmp'
Makefile:126: recipe for target 'cmTC_89694/fast' failed
make: *** [cmTC_89694/fast] Error 2


